<?xml version="1.0" encoding="UTF-8"?>
<!-- Generated by org.testng.reporters.JUnitReportReporter -->
<testsuite hostname="LAPTOP-Soufien" failures="0" tests="1" name="com.inetbanking.testCases.TC_AddCustomerTest_003" time="16.064" errors="0" timestamp="2024-03-13T22:00:43 GMT+01:00" skipped="0">
  <testcase classname="com.inetbanking.testCases.TC_AddCustomerTest_003" name="addNewCustomer" time="16.064"/>
</testsuite> <!-- com.inetbanking.testCases.TC_AddCustomerTest_003 -->
